14.01.2024 12:22:05.263 [main] INFO   org.example.Server - Server has started
14.01.2024 12:22:23.746 [Thread-0] INFO   org.example.Server - The new client has joined
14.01.2024 12:22:38.679 [Thread-1] INFO   org.example.Server - The client null sent a message: We are welcoming new member null
14.01.2024 12:23:54.550 [Thread-1] ERROR  org.example.Server - message not received
14.01.2024 12:23:55.694 [Thread-0] INFO   org.example.Server - The new client has joined
14.01.2024 12:24:03.559 [Thread-2] WARN   org.example.Server - We have a client with the same name
14.01.2024 12:25:54.343 [Thread-2] WARN   org.example.Server - The name not received
14.01.2024 12:25:55.087 [Thread-0] INFO   org.example.Server - The new client has joined
14.01.2024 12:28:03.517 [Thread-3] WARN   org.example.Server - The name not received
14.01.2024 12:28:04.131 [Thread-0] INFO   org.example.Server - The new client has joined
14.01.2024 12:28:08.897 [Thread-4] WARN   org.example.Server - The name not received
14.01.2024 12:28:44.158 [Thread-0] INFO   org.example.Server - The new client has joined
14.01.2024 12:29:38.812 [Thread-5] WARN   org.example.Server - The name not received
14.01.2024 12:29:39.454 [Thread-0] INFO   org.example.Server - The new client has joined
14.01.2024 12:33:19.744 [Thread-6] WARN   org.example.Server - The name not received
14.01.2024 12:33:20.395 [Thread-0] INFO   org.example.Server - The new client has joined
14.01.2024 12:44:01.927 [Thread-0] INFO   org.example.Server - The new client has joined
14.01.2024 12:44:14.314 [main] INFO   org.example.Server - Server has started
14.01.2024 12:44:20.233 [Thread-0] INFO   org.example.Server - The new client has joined
14.01.2024 12:44:29.055 [Thread-1] INFO   org.example.Server - The client jik sent a message: We are welcoming new member jik
14.01.2024 12:49:00.493 [main] INFO   org.example.Server - Server has started
14.01.2024 12:49:10.964 [main] INFO   org.example.Server - Server has started
14.01.2024 12:49:24.337 [Thread-0] INFO   org.example.Server - The new client has joined
14.01.2024 12:49:33.228 [Thread-1] INFO   org.example.Server - The client kil sent a message: We are welcoming new member kil
14.01.2024 13:12:10.813 [main] INFO   org.example.Server - Server has started
14.01.2024 13:58:18.902 [main] INFO   org.example.Server - Server has started
14.01.2024 14:18:39.033 [Test worker] INFO   org.example.Server - Server has started
14.01.2024 14:18:39.037 [Thread-3] INFO   org.example.Server - The new client has joined
14.01.2024 14:20:16.611 [Test worker] INFO   org.example.Server - Server has started
14.01.2024 14:20:16.615 [Thread-3] INFO   org.example.Server - The new client has joined
14.01.2024 14:21:11.944 [Test worker] INFO   org.example.Server - Server has started
14.01.2024 14:22:11.564 [Test worker] INFO   org.example.Server - Server has started
14.01.2024 14:27:43.893 [Test worker] INFO   org.example.Server - Server has started
14.01.2024 14:28:06.145 [Test worker] INFO   org.example.Server - Server has started
14.01.2024 14:28:26.555 [Test worker] INFO   org.example.Server - Server has started
14.01.2024 14:28:56.345 [Test worker] INFO   org.example.Server - Server has started
14.01.2024 14:34:38.476 [Test worker] INFO   org.example.Server - Server has started
14.01.2024 14:34:38.481 [Thread-3] INFO   org.example.Server - The new client has joined
14.01.2024 14:35:09.065 [Test worker] INFO   org.example.Server - Server has started
14.01.2024 14:35:09.070 [Thread-3] INFO   org.example.Server - The new client has joined
14.01.2024 14:38:28.864 [main] INFO   org.example.Server - Server has started
14.01.2024 14:38:40.519 [Thread-0] INFO   org.example.Server - The new client has joined
14.01.2024 14:38:48.397 [Thread-1] INFO   org.example.Server - The client lkj sent a message: We are welcoming new member lkj
